/home/lancelot/verdant_search/backend/python/venv/lib/python3.13/site-packages/jieba/__init__.py:44: SyntaxWarning: invalid escape sequence '\.'
  re_han_default = re.compile("([\u4E00-\u9FD5a-zA-Z0-9+#&\._%\-]+)", re.U)
/home/lancelot/verdant_search/backend/python/venv/lib/python3.13/site-packages/jieba/__init__.py:46: SyntaxWarning: invalid escape sequence '\s'
  re_skip_default = re.compile("(\r\n|\s)", re.U)
/home/lancelot/verdant_search/backend/python/venv/lib/python3.13/site-packages/jieba/finalseg/__init__.py:78: SyntaxWarning: invalid escape sequence '\.'
  re_skip = re.compile("([a-zA-Z0-9]+(?:\.\d+)?%?)")
/home/lancelot/verdant_search/backend/python/venv/lib/python3.13/site-packages/jieba/_compat.py:18: UserWarning: pkg_resources is deprecated as an API. See https://setuptools.pypa.io/en/latest/pkg_resources.html. The pkg_resources package is slated for removal as early as 2025-11-30. Refrain from using this package or pin to Setuptools<81.
  import pkg_resources
/home/lancelot/verdant_search/backend/python/venv/lib/python3.13/site-packages/jieba/posseg/__init__.py:16: SyntaxWarning: invalid escape sequence '\.'
  re_skip_detail = re.compile("([\.0-9]+|[a-zA-Z0-9]+)")
/home/lancelot/verdant_search/backend/python/venv/lib/python3.13/site-packages/jieba/posseg/__init__.py:17: SyntaxWarning: invalid escape sequence '\.'
  re_han_internal = re.compile("([\u4E00-\u9FD5a-zA-Z0-9+#&\._]+)")
/home/lancelot/verdant_search/backend/python/venv/lib/python3.13/site-packages/jieba/posseg/__init__.py:18: SyntaxWarning: invalid escape sequence '\s'
  re_skip_internal = re.compile("(\r\n|\s)")
/home/lancelot/verdant_search/backend/python/venv/lib/python3.13/site-packages/jieba/posseg/__init__.py:21: SyntaxWarning: invalid escape sequence '\.'
  re_num = re.compile("[\.0-9]+")
/home/lancelot/verdant_search/backend/python/main.py:84: DeprecationWarning: 
        on_event is deprecated, use lifespan event handlers instead.

        Read more about it in the
        [FastAPI docs for Lifespan Events](https://fastapi.tiangolo.com/advanced/events/).
        
  @app.on_event("startup")
WARNING:  You must pass the application as an import string to enable 'reload' or 'workers'.
